<?xml version="1.0" encoding="UTF-8"?>
<!-- Generated by org.testng.reporters.JUnitXMLReporter -->
<testsuite ignored="0" hostname="GODHEAVEN" failures="0" tests="4" name="Default test(failed)" time="7.364" errors="0" timestamp="2024-07-01T17:43:53 IST">
  <testcase classname="july_1.DependentMethod" name="admin" time="0.863"/>
  <testcase classname="july_1.DependentMethod" name="pim" time="0.884"/>
  <testcase classname="july_1.DependentMethod" name="leave" time="0.645"/>
  <testcase classname="july_1.DependentMethod" name="time" time="0.362"/>
</testsuite> <!-- Default test(failed) -->
