<?xml version="1.0" encoding="UTF-8"?>
<!-- Generated by org.testng.reporters.JUnitXMLReporter -->
<testsuite ignored="1" hostname="GODHEAVEN" failures="0" tests="21" name="TestReport" time="33.978" errors="0" timestamp="2024-07-02T15:53:38 IST">
  <testcase classname="june_NG29.PrimusHomePage" name="corporateBanking" time="0.322"/>
  <testcase classname="june_NG29.PrimusHomePage" name="internationalBanking" time="0.321"/>
  <testcase classname="july_1.DependentMethod" name="admin" time="0.695"/>
  <testcase classname="july_1.DependentMethod" name="pim" time="0.691"/>
  <testcase classname="june_NG29.PrimusHomePage" name="personalBanking" time="1.018"/>
  <testcase classname="july_1.DependentMethod" name="leave" time="0.826"/>
  <testcase classname="july_1.DependentMethod" name="time" time="0.38"/>
  <testcase classname="july_2.ThirdTestNGClass" name="admin" time="2.665"/>
  <testcase classname="july_1.PriorityIgnoreInvocation" name="branches" time="0.808"/>
  <testcase classname="july_1.BeforeAfterMethod" name="branches" time="0.907"/>
  <testcase classname="july_2.ThirdTestNGClass" name="pim" time="2.384"/>
  <testcase classname="july_2.ThirdTestNGClass" name="leave" time="2.632"/>
  <testcase classname="july_1.BeforeAfterMethod" name="employees" time="0.42"/>
  <testcase classname="july_1.PriorityIgnoreInvocation" name="users" time="0.763"/>
  <testcase classname="july_2.ThirdTestNGClass" name="time" time="2.39"/>
  <testcase classname="july_1.BeforeAfterMethod" name="roles" time="0.705"/>
  <testcase classname="july_1.PriorityIgnoreInvocation" name="users" time="0.691"/>
  <testcase classname="july_1.BeforeAfterMethod" name="users" time="0.442"/>
  <testcase classname="july_1.PriorityIgnoreInvocation" name="users" time="0.69"/>
  <testcase classname="july_1.PriorityIgnoreInvocation" name="users" time="0.399"/>
  <testcase classname="july_1.PriorityIgnoreInvocation" name="users" time="0.434"/>
  <testcase classname="july_1.PriorityIgnoreInvocation" name="roles" time="0.0">
    <ignored/>
  </testcase> <!-- roles -->
</testsuite> <!-- TestReport -->
