<?xml version="1.0" encoding="UTF-8"?>
<!-- Generated by org.testng.reporters.JUnitXMLReporter -->
<testsuite ignored="0" hostname="GODHEAVEN" failures="4" tests="5" name="Edgetest" time="6.094" errors="0" timestamp="2024-07-03T17:05:10 IST">
  <testcase classname="july_3.ParametersCrossBrowsing" name="verifyTitle" time="1.769"/>
  <testcase classname="july_3.ParametersCrossBrowsing" name="verifyTitle" time="0.839">
    <failure type="java.lang.AssertionError" message="Invalid Credentials expected [true] but found [false]">
      <![CDATA[java.lang.AssertionError: Invalid Credentials expected [true] but found [false]
at july_3.ParametersCrossBrowsing.verifyTitle(ParametersCrossBrowsing.java:65)
at java.base/java.util.ArrayList.forEach(ArrayList.java:1511)
... Removed 30 stack frames]]>
    </failure>
  </testcase> <!-- verifyTitle -->
  <testcase classname="july_3.ParametersCrossBrowsing" name="verifyTitle" time="0.451">
    <failure type="java.lang.AssertionError" message="Invalid Credentials expected [true] but found [false]">
      <![CDATA[java.lang.AssertionError: Invalid Credentials expected [true] but found [false]
at july_3.ParametersCrossBrowsing.verifyTitle(ParametersCrossBrowsing.java:65)
at java.base/java.util.ArrayList.forEach(ArrayList.java:1511)
... Removed 30 stack frames]]>
    </failure>
  </testcase> <!-- verifyTitle -->
  <testcase classname="july_3.ParametersCrossBrowsing" name="verifyTitle" time="0.468">
    <failure type="java.lang.AssertionError" message="Invalid Credentials expected [true] but found [false]">
      <![CDATA[java.lang.AssertionError: Invalid Credentials expected [true] but found [false]
at july_3.ParametersCrossBrowsing.verifyTitle(ParametersCrossBrowsing.java:65)
at java.base/java.util.ArrayList.forEach(ArrayList.java:1511)
... Removed 30 stack frames]]>
    </failure>
  </testcase> <!-- verifyTitle -->
  <testcase classname="july_3.ParametersCrossBrowsing" name="verifyTitle" time="0.45">
    <failure type="java.lang.AssertionError" message="Invalid Credentials expected [true] but found [false]">
      <![CDATA[java.lang.AssertionError: Invalid Credentials expected [true] but found [false]
at july_3.ParametersCrossBrowsing.verifyTitle(ParametersCrossBrowsing.java:65)
at java.base/java.util.ArrayList.forEach(ArrayList.java:1511)
... Removed 30 stack frames]]>
    </failure>
  </testcase> <!-- verifyTitle -->
</testsuite> <!-- Edgetest -->
